{"/home/charles/app/developer-program/20200423/songs-express/app.js": {"path":"/home/charles/app/developer-program/20200423/songs-express/app.js","statementMap":{"0":{"start":{"line":1,"column":16},"end":{"line":1,"column":34}},"1":{"start":{"line":2,"column":12},"end":{"line":2,"column":21}},"2":{"start":{"line":3,"column":0},"end":{"line":3,"column":22}},"3":{"start":{"line":5,"column":21},"end":{"line":5,"column":53}},"4":{"start":{"line":6,"column":23},"end":{"line":6,"column":51}},"5":{"start":{"line":7,"column":20},"end":{"line":7,"column":51}},"6":{"start":{"line":9,"column":0},"end":{"line":9,"column":24}},"7":{"start":{"line":10,"column":0},"end":{"line":10,"column":33}},"8":{"start":{"line":11,"column":0},"end":{"line":11,"column":37}},"9":{"start":{"line":12,"column":0},"end":{"line":12,"column":31}},"10":{"start":{"line":14,"column":0},"end":{"line":14,"column":21}}},"fnMap":{},"branchMap":{},"s":{"0":2,"1":2,"2":2,"3":2,"4":2,"5":2,"6":2,"7":2,"8":2,"9":2,"10":2},"f":{},"b":{},"_coverageSchema":"1a1c01bbd47fc00a2c39e90264f33305004495a9","hash":"fb7d92b6fae2f475507f1421c4d30b9ccc7b93af"}
,"/home/charles/app/developer-program/20200423/songs-express/controllers/movies.controller.js": {"path":"/home/charles/app/developer-program/20200423/songs-express/controllers/movies.controller.js","statementMap":{"0":{"start":{"line":1,"column":16},"end":{"line":1,"column":34}},"1":{"start":{"line":2,"column":12},"end":{"line":2,"column":32}},"2":{"start":{"line":3,"column":14},"end":{"line":3,"column":46}},"3":{"start":{"line":5,"column":20},"end":{"line":7,"column":2}},"4":{"start":{"line":9,"column":18},"end":{"line":30,"column":1}},"5":{"start":{"line":10,"column":17},"end":{"line":10,"column":47}},"6":{"start":{"line":12,"column":2},"end":{"line":29,"column":3}},"7":{"start":{"line":13,"column":18},"end":{"line":13,"column":60}},"8":{"start":{"line":14,"column":4},"end":{"line":14,"column":27}},"9":{"start":{"line":15,"column":4},"end":{"line":15,"column":16}},"10":{"start":{"line":17,"column":4},"end":{"line":28,"column":5}},"11":{"start":{"line":18,"column":27},"end":{"line":18,"column":71}},"12":{"start":{"line":19,"column":20},"end":{"line":19,"column":42}},"13":{"start":{"line":20,"column":23},"end":{"line":23,"column":8}},"14":{"start":{"line":24,"column":6},"end":{"line":24,"column":28}},"15":{"start":{"line":25,"column":6},"end":{"line":25,"column":37}},"16":{"start":{"line":27,"column":6},"end":{"line":27,"column":16}},"17":{"start":{"line":32,"column":16},"end":{"line":45,"column":1}},"18":{"start":{"line":33,"column":2},"end":{"line":44,"column":3}},"19":{"start":{"line":34,"column":23},"end":{"line":34,"column":78}},"20":{"start":{"line":35,"column":4},"end":{"line":41,"column":5}},"21":{"start":{"line":36,"column":6},"end":{"line":36,"column":39}},"22":{"start":{"line":38,"column":20},"end":{"line":38,"column":48}},"23":{"start":{"line":39,"column":6},"end":{"line":39,"column":29}},"24":{"start":{"line":40,"column":6},"end":{"line":40,"column":18}},"25":{"start":{"line":43,"column":4},"end":{"line":43,"column":14}},"26":{"start":{"line":47,"column":16},"end":{"line":54,"column":1}},"27":{"start":{"line":48,"column":2},"end":{"line":53,"column":3}},"28":{"start":{"line":49,"column":24},"end":{"line":49,"column":59}},"29":{"start":{"line":50,"column":4},"end":{"line":50,"column":23}},"30":{"start":{"line":52,"column":4},"end":{"line":52,"column":14}},"31":{"start":{"line":56,"column":25},"end":{"line":73,"column":1}},"32":{"start":{"line":57,"column":2},"end":{"line":72,"column":3}},"33":{"start":{"line":58,"column":23},"end":{"line":62,"column":5}},"34":{"start":{"line":63,"column":4},"end":{"line":69,"column":5}},"35":{"start":{"line":64,"column":6},"end":{"line":64,"column":39}},"36":{"start":{"line":66,"column":20},"end":{"line":66,"column":48}},"37":{"start":{"line":67,"column":6},"end":{"line":67,"column":29}},"38":{"start":{"line":68,"column":6},"end":{"line":68,"column":18}},"39":{"start":{"line":71,"column":4},"end":{"line":71,"column":14}},"40":{"start":{"line":75,"column":25},"end":{"line":91,"column":1}},"41":{"start":{"line":76,"column":2},"end":{"line":90,"column":3}},"42":{"start":{"line":77,"column":23},"end":{"line":80,"column":5}},"43":{"start":{"line":81,"column":4},"end":{"line":87,"column":5}},"44":{"start":{"line":82,"column":6},"end":{"line":82,"column":39}},"45":{"start":{"line":84,"column":20},"end":{"line":84,"column":48}},"46":{"start":{"line":85,"column":6},"end":{"line":85,"column":29}},"47":{"start":{"line":86,"column":6},"end":{"line":86,"column":18}},"48":{"start":{"line":89,"column":4},"end":{"line":89,"column":14}},"49":{"start":{"line":93,"column":0},"end":{"line":99,"column":2}}},"fnMap":{"0":{"name":"(anonymous_0)","decl":{"start":{"line":9,"column":18},"end":{"line":9,"column":19}},"loc":{"start":{"line":9,"column":44},"end":{"line":30,"column":1}},"line":9},"1":{"name":"(anonymous_1)","decl":{"start":{"line":32,"column":16},"end":{"line":32,"column":17}},"loc":{"start":{"line":32,"column":42},"end":{"line":45,"column":1}},"line":32},"2":{"name":"(anonymous_2)","decl":{"start":{"line":47,"column":16},"end":{"line":47,"column":17}},"loc":{"start":{"line":47,"column":42},"end":{"line":54,"column":1}},"line":47},"3":{"name":"(anonymous_3)","decl":{"start":{"line":56,"column":25},"end":{"line":56,"column":26}},"loc":{"start":{"line":56,"column":51},"end":{"line":73,"column":1}},"line":56},"4":{"name":"(anonymous_4)","decl":{"start":{"line":75,"column":25},"end":{"line":75,"column":26}},"loc":{"start":{"line":75,"column":51},"end":{"line":91,"column":1}},"line":75}},"branchMap":{"0":{"loc":{"start":{"line":12,"column":2},"end":{"line":29,"column":3}},"type":"if","locations":[{"start":{"line":12,"column":2},"end":{"line":29,"column":3}},{"start":{"line":12,"column":2},"end":{"line":29,"column":3}}],"line":12},"1":{"loc":{"start":{"line":35,"column":4},"end":{"line":41,"column":5}},"type":"if","locations":[{"start":{"line":35,"column":4},"end":{"line":41,"column":5}},{"start":{"line":35,"column":4},"end":{"line":41,"column":5}}],"line":35},"2":{"loc":{"start":{"line":63,"column":4},"end":{"line":69,"column":5}},"type":"if","locations":[{"start":{"line":63,"column":4},"end":{"line":69,"column":5}},{"start":{"line":63,"column":4},"end":{"line":69,"column":5}}],"line":63},"3":{"loc":{"start":{"line":81,"column":4},"end":{"line":87,"column":5}},"type":"if","locations":[{"start":{"line":81,"column":4},"end":{"line":87,"column":5}},{"start":{"line":81,"column":4},"end":{"line":87,"column":5}}],"line":81}},"s":{"0":2,"1":2,"2":2,"3":2,"4":2,"5":3,"6":3,"7":2,"8":2,"9":2,"10":1,"11":1,"12":1,"13":1,"14":1,"15":1,"16":0,"17":2,"18":3,"19":3,"20":3,"21":1,"22":2,"23":2,"24":2,"25":0,"26":2,"27":1,"28":1,"29":1,"30":0,"31":2,"32":2,"33":2,"34":2,"35":1,"36":1,"37":1,"38":1,"39":0,"40":2,"41":2,"42":2,"43":2,"44":1,"45":1,"46":1,"47":1,"48":0,"49":2},"f":{"0":3,"1":3,"2":1,"3":2,"4":2},"b":{"0":[2,1],"1":[1,2],"2":[1,1],"3":[1,1]},"_coverageSchema":"1a1c01bbd47fc00a2c39e90264f33305004495a9","hash":"c1c3cf42c784f8250d740393b249bc47184facea"}
,"/home/charles/app/developer-program/20200423/songs-express/controllers/songs.controller.js": {"path":"/home/charles/app/developer-program/20200423/songs-express/controllers/songs.controller.js","statementMap":{"0":{"start":{"line":1,"column":16},"end":{"line":1,"column":34}},"1":{"start":{"line":2,"column":12},"end":{"line":2,"column":32}},"2":{"start":{"line":3,"column":13},"end":{"line":3,"column":44}},"3":{"start":{"line":5,"column":19},"end":{"line":8,"column":2}},"4":{"start":{"line":10,"column":18},"end":{"line":32,"column":1}},"5":{"start":{"line":11,"column":17},"end":{"line":11,"column":46}},"6":{"start":{"line":13,"column":2},"end":{"line":31,"column":3}},"7":{"start":{"line":14,"column":18},"end":{"line":14,"column":60}},"8":{"start":{"line":15,"column":4},"end":{"line":15,"column":27}},"9":{"start":{"line":16,"column":4},"end":{"line":16,"column":16}},"10":{"start":{"line":18,"column":4},"end":{"line":30,"column":5}},"11":{"start":{"line":19,"column":26},"end":{"line":19,"column":69}},"12":{"start":{"line":20,"column":20},"end":{"line":20,"column":41}},"13":{"start":{"line":21,"column":22},"end":{"line":25,"column":8}},"14":{"start":{"line":26,"column":6},"end":{"line":26,"column":27}},"15":{"start":{"line":27,"column":6},"end":{"line":27,"column":36}},"16":{"start":{"line":29,"column":6},"end":{"line":29,"column":16}},"17":{"start":{"line":34,"column":16},"end":{"line":47,"column":1}},"18":{"start":{"line":35,"column":2},"end":{"line":46,"column":3}},"19":{"start":{"line":36,"column":22},"end":{"line":36,"column":76}},"20":{"start":{"line":37,"column":4},"end":{"line":43,"column":5}},"21":{"start":{"line":38,"column":6},"end":{"line":38,"column":38}},"22":{"start":{"line":40,"column":20},"end":{"line":40,"column":47}},"23":{"start":{"line":41,"column":6},"end":{"line":41,"column":29}},"24":{"start":{"line":42,"column":6},"end":{"line":42,"column":18}},"25":{"start":{"line":45,"column":4},"end":{"line":45,"column":14}},"26":{"start":{"line":49,"column":16},"end":{"line":56,"column":1}},"27":{"start":{"line":50,"column":2},"end":{"line":55,"column":3}},"28":{"start":{"line":51,"column":23},"end":{"line":51,"column":57}},"29":{"start":{"line":52,"column":4},"end":{"line":52,"column":37}},"30":{"start":{"line":54,"column":4},"end":{"line":54,"column":14}},"31":{"start":{"line":58,"column":25},"end":{"line":75,"column":1}},"32":{"start":{"line":59,"column":2},"end":{"line":74,"column":3}},"33":{"start":{"line":60,"column":22},"end":{"line":64,"column":5}},"34":{"start":{"line":65,"column":4},"end":{"line":71,"column":5}},"35":{"start":{"line":66,"column":6},"end":{"line":66,"column":38}},"36":{"start":{"line":68,"column":20},"end":{"line":68,"column":47}},"37":{"start":{"line":69,"column":6},"end":{"line":69,"column":29}},"38":{"start":{"line":70,"column":6},"end":{"line":70,"column":18}},"39":{"start":{"line":73,"column":4},"end":{"line":73,"column":14}},"40":{"start":{"line":77,"column":25},"end":{"line":93,"column":1}},"41":{"start":{"line":78,"column":2},"end":{"line":92,"column":3}},"42":{"start":{"line":79,"column":22},"end":{"line":82,"column":5}},"43":{"start":{"line":83,"column":4},"end":{"line":89,"column":5}},"44":{"start":{"line":84,"column":6},"end":{"line":84,"column":38}},"45":{"start":{"line":86,"column":20},"end":{"line":86,"column":47}},"46":{"start":{"line":87,"column":6},"end":{"line":87,"column":29}},"47":{"start":{"line":88,"column":6},"end":{"line":88,"column":18}},"48":{"start":{"line":91,"column":4},"end":{"line":91,"column":14}},"49":{"start":{"line":95,"column":0},"end":{"line":101,"column":2}}},"fnMap":{"0":{"name":"(anonymous_0)","decl":{"start":{"line":10,"column":18},"end":{"line":10,"column":19}},"loc":{"start":{"line":10,"column":44},"end":{"line":32,"column":1}},"line":10},"1":{"name":"(anonymous_1)","decl":{"start":{"line":34,"column":16},"end":{"line":34,"column":17}},"loc":{"start":{"line":34,"column":42},"end":{"line":47,"column":1}},"line":34},"2":{"name":"(anonymous_2)","decl":{"start":{"line":49,"column":16},"end":{"line":49,"column":17}},"loc":{"start":{"line":49,"column":42},"end":{"line":56,"column":1}},"line":49},"3":{"name":"(anonymous_3)","decl":{"start":{"line":58,"column":25},"end":{"line":58,"column":26}},"loc":{"start":{"line":58,"column":51},"end":{"line":75,"column":1}},"line":58},"4":{"name":"(anonymous_4)","decl":{"start":{"line":77,"column":25},"end":{"line":77,"column":26}},"loc":{"start":{"line":77,"column":51},"end":{"line":93,"column":1}},"line":77}},"branchMap":{"0":{"loc":{"start":{"line":13,"column":2},"end":{"line":31,"column":3}},"type":"if","locations":[{"start":{"line":13,"column":2},"end":{"line":31,"column":3}},{"start":{"line":13,"column":2},"end":{"line":31,"column":3}}],"line":13},"1":{"loc":{"start":{"line":37,"column":4},"end":{"line":43,"column":5}},"type":"if","locations":[{"start":{"line":37,"column":4},"end":{"line":43,"column":5}},{"start":{"line":37,"column":4},"end":{"line":43,"column":5}}],"line":37},"2":{"loc":{"start":{"line":65,"column":4},"end":{"line":71,"column":5}},"type":"if","locations":[{"start":{"line":65,"column":4},"end":{"line":71,"column":5}},{"start":{"line":65,"column":4},"end":{"line":71,"column":5}}],"line":65},"3":{"loc":{"start":{"line":83,"column":4},"end":{"line":89,"column":5}},"type":"if","locations":[{"start":{"line":83,"column":4},"end":{"line":89,"column":5}},{"start":{"line":83,"column":4},"end":{"line":89,"column":5}}],"line":83}},"s":{"0":2,"1":2,"2":2,"3":2,"4":2,"5":4,"6":4,"7":3,"8":3,"9":3,"10":1,"11":1,"12":1,"13":1,"14":1,"15":1,"16":0,"17":2,"18":4,"19":4,"20":3,"21":1,"22":2,"23":2,"24":2,"25":1,"26":2,"27":2,"28":2,"29":1,"30":1,"31":2,"32":2,"33":2,"34":2,"35":1,"36":1,"37":1,"38":1,"39":0,"40":2,"41":2,"42":2,"43":2,"44":1,"45":1,"46":1,"47":1,"48":0,"49":2},"f":{"0":4,"1":4,"2":2,"3":2,"4":2},"b":{"0":[3,1],"1":[1,2],"2":[1,1],"3":[1,1]},"_coverageSchema":"1a1c01bbd47fc00a2c39e90264f33305004495a9","hash":"2c2ae819f6c2d6f7a1234d60da5f53fc6dfc347b"}
,"/home/charles/app/developer-program/20200423/songs-express/data/testSongData.js": {"path":"/home/charles/app/developer-program/20200423/songs-express/data/testSongData.js","statementMap":{"0":{"start":{"line":1,"column":0},"end":{"line":7,"column":2}}},"fnMap":{},"branchMap":{},"s":{"0":1},"f":{},"b":{},"_coverageSchema":"1a1c01bbd47fc00a2c39e90264f33305004495a9","hash":"671287515b9b28154cba56a6e7e87476863d9f9d"}
,"/home/charles/app/developer-program/20200423/songs-express/data/testmovieData.js": {"path":"/home/charles/app/developer-program/20200423/songs-express/data/testmovieData.js","statementMap":{"0":{"start":{"line":1,"column":0},"end":{"line":6,"column":2}}},"fnMap":{},"branchMap":{},"s":{"0":1},"f":{},"b":{},"_coverageSchema":"1a1c01bbd47fc00a2c39e90264f33305004495a9","hash":"27e126892381f6c70c3795133cb1a83c0731bd8b"}
,"/home/charles/app/developer-program/20200423/songs-express/models/movie.model.js": {"path":"/home/charles/app/developer-program/20200423/songs-express/models/movie.model.js","statementMap":{"0":{"start":{"line":1,"column":17},"end":{"line":1,"column":36}},"1":{"start":{"line":2,"column":15},"end":{"line":2,"column":30}},"2":{"start":{"line":4,"column":20},"end":{"line":14,"column":2}},"3":{"start":{"line":16,"column":14},"end":{"line":16,"column":50}},"4":{"start":{"line":18,"column":0},"end":{"line":18,"column":23}}},"fnMap":{},"branchMap":{},"s":{"0":2,"1":2,"2":2,"3":2,"4":2},"f":{},"b":{},"_coverageSchema":"1a1c01bbd47fc00a2c39e90264f33305004495a9","hash":"75d6564052c5aca3e3a7900b49d9132bf9c23789"}
,"/home/charles/app/developer-program/20200423/songs-express/models/song.model.js": {"path":"/home/charles/app/developer-program/20200423/songs-express/models/song.model.js","statementMap":{"0":{"start":{"line":1,"column":17},"end":{"line":1,"column":36}},"1":{"start":{"line":2,"column":15},"end":{"line":2,"column":30}},"2":{"start":{"line":4,"column":19},"end":{"line":18,"column":2}},"3":{"start":{"line":20,"column":13},"end":{"line":20,"column":47}},"4":{"start":{"line":22,"column":0},"end":{"line":22,"column":22}}},"fnMap":{},"branchMap":{},"s":{"0":2,"1":2,"2":2,"3":2,"4":2},"f":{},"b":{},"_coverageSchema":"1a1c01bbd47fc00a2c39e90264f33305004495a9","hash":"50f49a4793a831dbb97042aabf966fade421ec91"}
,"/home/charles/app/developer-program/20200423/songs-express/routes/director.js": {"path":"/home/charles/app/developer-program/20200423/songs-express/routes/director.js","statementMap":{"0":{"start":{"line":1,"column":16},"end":{"line":1,"column":34}},"1":{"start":{"line":2,"column":15},"end":{"line":2,"column":31}},"2":{"start":{"line":4,"column":0},"end":{"line":7,"column":3}},"3":{"start":{"line":5,"column":19},"end":{"line":5,"column":43}},"4":{"start":{"line":6,"column":2},"end":{"line":6,"column":33}},"5":{"start":{"line":9,"column":0},"end":{"line":9,"column":24}}},"fnMap":{"0":{"name":"(anonymous_0)","decl":{"start":{"line":4,"column":16},"end":{"line":4,"column":17}},"loc":{"start":{"line":4,"column":30},"end":{"line":7,"column":1}},"line":4}},"branchMap":{},"s":{"0":2,"1":2,"2":2,"3":0,"4":0,"5":2},"f":{"0":0},"b":{},"_coverageSchema":"1a1c01bbd47fc00a2c39e90264f33305004495a9","hash":"ad8195b5c95315ca58ab3a5b604a39c33a18f727"}
,"/home/charles/app/developer-program/20200423/songs-express/routes/movies.route.js": {"path":"/home/charles/app/developer-program/20200423/songs-express/routes/movies.route.js","statementMap":{"0":{"start":{"line":1,"column":16},"end":{"line":1,"column":34}},"1":{"start":{"line":2,"column":15},"end":{"line":2,"column":31}},"2":{"start":{"line":9,"column":4},"end":{"line":9,"column":47}},"3":{"start":{"line":11,"column":15},"end":{"line":11,"column":17}},"4":{"start":{"line":13,"column":0},"end":{"line":13,"column":28}},"5":{"start":{"line":15,"column":0},"end":{"line":18,"column":3}},"6":{"start":{"line":16,"column":15},"end":{"line":16,"column":30}},"7":{"start":{"line":17,"column":2},"end":{"line":17,"column":31}},"8":{"start":{"line":20,"column":0},"end":{"line":20,"column":28}},"9":{"start":{"line":22,"column":0},"end":{"line":22,"column":37}},"10":{"start":{"line":24,"column":0},"end":{"line":24,"column":40}},"11":{"start":{"line":26,"column":0},"end":{"line":33,"column":3}},"12":{"start":{"line":27,"column":2},"end":{"line":27,"column":36}},"13":{"start":{"line":28,"column":2},"end":{"line":32,"column":4}},"14":{"start":{"line":35,"column":0},"end":{"line":35,"column":24}}},"fnMap":{"0":{"name":"(anonymous_0)","decl":{"start":{"line":15,"column":16},"end":{"line":15,"column":17}},"loc":{"start":{"line":15,"column":36},"end":{"line":18,"column":1}},"line":15},"1":{"name":"(anonymous_1)","decl":{"start":{"line":26,"column":11},"end":{"line":26,"column":12}},"loc":{"start":{"line":26,"column":36},"end":{"line":33,"column":1}},"line":26}},"branchMap":{"0":{"loc":{"start":{"line":27,"column":13},"end":{"line":27,"column":34}},"type":"binary-expr","locations":[{"start":{"line":27,"column":13},"end":{"line":27,"column":27}},{"start":{"line":27,"column":31},"end":{"line":27,"column":34}}],"line":27}},"s":{"0":2,"1":2,"2":2,"3":2,"4":2,"5":2,"6":1,"7":1,"8":2,"9":2,"10":2,"11":2,"12":6,"13":6,"14":2},"f":{"0":1,"1":6},"b":{"0":[6,0]},"_coverageSchema":"1a1c01bbd47fc00a2c39e90264f33305004495a9","hash":"161f27cbcb2473b13f5df51b89ca5d82c3e949d9"}
,"/home/charles/app/developer-program/20200423/songs-express/routes/songs.route.js": {"path":"/home/charles/app/developer-program/20200423/songs-express/routes/songs.route.js","statementMap":{"0":{"start":{"line":1,"column":16},"end":{"line":1,"column":34}},"1":{"start":{"line":2,"column":15},"end":{"line":2,"column":31}},"2":{"start":{"line":9,"column":4},"end":{"line":9,"column":46}},"3":{"start":{"line":11,"column":0},"end":{"line":11,"column":28}},"4":{"start":{"line":13,"column":0},"end":{"line":13,"column":25}},"5":{"start":{"line":15,"column":0},"end":{"line":15,"column":28}},"6":{"start":{"line":17,"column":0},"end":{"line":17,"column":37}},"7":{"start":{"line":19,"column":0},"end":{"line":19,"column":40}},"8":{"start":{"line":21,"column":0},"end":{"line":29,"column":3}},"9":{"start":{"line":22,"column":2},"end":{"line":22,"column":36}},"10":{"start":{"line":23,"column":2},"end":{"line":23,"column":16}},"11":{"start":{"line":31,"column":0},"end":{"line":31,"column":24}}},"fnMap":{"0":{"name":"(anonymous_0)","decl":{"start":{"line":21,"column":11},"end":{"line":21,"column":12}},"loc":{"start":{"line":21,"column":36},"end":{"line":29,"column":1}},"line":21}},"branchMap":{"0":{"loc":{"start":{"line":22,"column":13},"end":{"line":22,"column":34}},"type":"binary-expr","locations":[{"start":{"line":22,"column":13},"end":{"line":22,"column":27}},{"start":{"line":22,"column":31},"end":{"line":22,"column":34}}],"line":22}},"s":{"0":2,"1":2,"2":2,"3":2,"4":2,"5":2,"6":2,"7":2,"8":2,"9":9,"10":9,"11":2},"f":{"0":9},"b":{"0":[9,2]},"_coverageSchema":"1a1c01bbd47fc00a2c39e90264f33305004495a9","hash":"3fc33ab7f92d6efbf06b940141d2789e6467c22e"}
,"/home/charles/app/developer-program/20200423/songs-express/utils/db.js": {"path":"/home/charles/app/developer-program/20200423/songs-express/utils/db.js","statementMap":{"0":{"start":{"line":1,"column":17},"end":{"line":1,"column":36}},"1":{"start":{"line":3,"column":21},"end":{"line":8,"column":1}},"2":{"start":{"line":10,"column":15},"end":{"line":10,"column":25}},"3":{"start":{"line":11,"column":14},"end":{"line":11,"column":78}},"4":{"start":{"line":12,"column":0},"end":{"line":12,"column":38}},"5":{"start":{"line":13,"column":11},"end":{"line":13,"column":30}},"6":{"start":{"line":15,"column":0},"end":{"line":15,"column":65}},"7":{"start":{"line":16,"column":0},"end":{"line":18,"column":3}},"8":{"start":{"line":17,"column":2},"end":{"line":17,"column":50}}},"fnMap":{"0":{"name":"(anonymous_0)","decl":{"start":{"line":16,"column":16},"end":{"line":16,"column":17}},"loc":{"start":{"line":16,"column":22},"end":{"line":18,"column":1}},"line":16}},"branchMap":{"0":{"loc":{"start":{"line":11,"column":14},"end":{"line":11,"column":78}},"type":"binary-expr","locations":[{"start":{"line":11,"column":14},"end":{"line":11,"column":37}},{"start":{"line":11,"column":41},"end":{"line":11,"column":78}}],"line":11}},"s":{"0":2,"1":2,"2":2,"3":2,"4":2,"5":2,"6":2,"7":2,"8":2},"f":{"0":2},"b":{"0":[2,0]},"_coverageSchema":"1a1c01bbd47fc00a2c39e90264f33305004495a9","hash":"d6f66a65124b89ee4fe8699cde8fc72bd795a742"}
,"/home/charles/app/developer-program/20200423/songs-express/utils/testTeardownMongoose.js": {"path":"/home/charles/app/developer-program/20200423/songs-express/utils/testTeardownMongoose.js","statementMap":{"0":{"start":{"line":1,"column":17},"end":{"line":1,"column":36}},"1":{"start":{"line":3,"column":25},"end":{"line":6,"column":1}},"2":{"start":{"line":5,"column":2},"end":{"line":5,"column":30}},"3":{"start":{"line":8,"column":0},"end":{"line":8,"column":38}}},"fnMap":{"0":{"name":"(anonymous_0)","decl":{"start":{"line":3,"column":25},"end":{"line":3,"column":26}},"loc":{"start":{"line":3,"column":37},"end":{"line":6,"column":1}},"line":3}},"branchMap":{},"s":{"0":2,"1":2,"2":0,"3":2},"f":{"0":0},"b":{},"_coverageSchema":"1a1c01bbd47fc00a2c39e90264f33305004495a9","hash":"21ea866d5823e72bd080e48371f7a8377129f4ed"}
}
