TN:
SF:app.js
FNF:0
FNH:0
DA:1,2
DA:2,2
DA:3,2
DA:5,2
DA:6,2
DA:7,2
DA:9,2
DA:10,2
DA:11,2
DA:12,2
DA:14,2
LF:11
LH:11
BRF:0
BRH:0
end_of_record
TN:
SF:controllers/movies.controller.js
FN:9,(anonymous_0)
FN:32,(anonymous_1)
FN:47,(anonymous_2)
FN:56,(anonymous_3)
FN:75,(anonymous_4)
FNF:5
FNH:5
FNDA:3,(anonymous_0)
FNDA:3,(anonymous_1)
FNDA:1,(anonymous_2)
FNDA:2,(anonymous_3)
FNDA:2,(anonymous_4)
DA:1,2
DA:2,2
DA:3,2
DA:5,2
DA:9,2
DA:10,3
DA:12,3
DA:13,2
DA:14,2
DA:15,2
DA:17,1
DA:18,1
DA:19,1
DA:20,1
DA:24,1
DA:25,1
DA:27,0
DA:32,2
DA:33,3
DA:34,3
DA:35,3
DA:36,1
DA:38,2
DA:39,2
DA:40,2
DA:43,0
DA:47,2
DA:48,1
DA:49,1
DA:50,1
DA:52,0
DA:56,2
DA:57,2
DA:58,2
DA:63,2
DA:64,1
DA:66,1
DA:67,1
DA:68,1
DA:71,0
DA:75,2
DA:76,2
DA:77,2
DA:81,2
DA:82,1
DA:84,1
DA:85,1
DA:86,1
DA:89,0
DA:93,2
LF:50
LH:45
BRDA:12,0,0,2
BRDA:12,0,1,1
BRDA:35,1,0,1
BRDA:35,1,1,2
BRDA:63,2,0,1
BRDA:63,2,1,1
BRDA:81,3,0,1
BRDA:81,3,1,1
BRF:8
BRH:8
end_of_record
TN:
SF:controllers/songs.controller.js
FN:10,(anonymous_0)
FN:34,(anonymous_1)
FN:49,(anonymous_2)
FN:58,(anonymous_3)
FN:77,(anonymous_4)
FNF:5
FNH:5
FNDA:4,(anonymous_0)
FNDA:4,(anonymous_1)
FNDA:2,(anonymous_2)
FNDA:2,(anonymous_3)
FNDA:2,(anonymous_4)
DA:1,2
DA:2,2
DA:3,2
DA:5,2
DA:10,2
DA:11,4
DA:13,4
DA:14,3
DA:15,3
DA:16,3
DA:18,1
DA:19,1
DA:20,1
DA:21,1
DA:26,1
DA:27,1
DA:29,0
DA:34,2
DA:35,4
DA:36,4
DA:37,3
DA:38,1
DA:40,2
DA:41,2
DA:42,2
DA:45,1
DA:49,2
DA:50,2
DA:51,2
DA:52,1
DA:54,1
DA:58,2
DA:59,2
DA:60,2
DA:65,2
DA:66,1
DA:68,1
DA:69,1
DA:70,1
DA:73,0
DA:77,2
DA:78,2
DA:79,2
DA:83,2
DA:84,1
DA:86,1
DA:87,1
DA:88,1
DA:91,0
DA:95,2
LF:50
LH:47
BRDA:13,0,0,3
BRDA:13,0,1,1
BRDA:37,1,0,1
BRDA:37,1,1,2
BRDA:65,2,0,1
BRDA:65,2,1,1
BRDA:83,3,0,1
BRDA:83,3,1,1
BRF:8
BRH:8
end_of_record
TN:
SF:data/testSongData.js
FNF:0
FNH:0
DA:1,1
LF:1
LH:1
BRF:0
BRH:0
end_of_record
TN:
SF:data/testmovieData.js
FNF:0
FNH:0
DA:1,1
LF:1
LH:1
BRF:0
BRH:0
end_of_record
TN:
SF:models/movie.model.js
FNF:0
FNH:0
DA:1,2
DA:2,2
DA:4,2
DA:16,2
DA:18,2
LF:5
LH:5
BRF:0
BRH:0
end_of_record
TN:
SF:models/song.model.js
FNF:0
FNH:0
DA:1,2
DA:2,2
DA:4,2
DA:20,2
DA:22,2
LF:5
LH:5
BRF:0
BRH:0
end_of_record
TN:
SF:routes/director.js
FN:4,(anonymous_0)
FNF:1
FNH:0
FNDA:0,(anonymous_0)
DA:1,2
DA:2,2
DA:4,2
DA:5,0
DA:6,0
DA:9,2
LF:6
LH:4
BRF:0
BRH:0
end_of_record
TN:
SF:routes/movies.route.js
FN:15,(anonymous_0)
FN:26,(anonymous_1)
FNF:2
FNH:2
FNDA:1,(anonymous_0)
FNDA:6,(anonymous_1)
DA:1,2
DA:2,2
DA:9,2
DA:11,2
DA:13,2
DA:15,2
DA:16,1
DA:17,1
DA:20,2
DA:22,2
DA:24,2
DA:26,2
DA:27,6
DA:28,6
DA:35,2
LF:15
LH:15
BRDA:27,0,0,6
BRDA:27,0,1,0
BRF:2
BRH:1
end_of_record
TN:
SF:routes/songs.route.js
FN:21,(anonymous_0)
FNF:1
FNH:1
FNDA:9,(anonymous_0)
DA:1,2
DA:2,2
DA:9,2
DA:11,2
DA:13,2
DA:15,2
DA:17,2
DA:19,2
DA:21,2
DA:22,9
DA:23,9
DA:31,2
LF:12
LH:12
BRDA:22,0,0,9
BRDA:22,0,1,2
BRF:2
BRH:2
end_of_record
TN:
SF:utils/db.js
FN:16,(anonymous_0)
FNF:1
FNH:1
FNDA:2,(anonymous_0)
DA:1,2
DA:3,2
DA:10,2
DA:11,2
DA:12,2
DA:13,2
DA:15,2
DA:16,2
DA:17,2
LF:9
LH:9
BRDA:11,0,0,2
BRDA:11,0,1,0
BRF:2
BRH:1
end_of_record
TN:
SF:utils/testTeardownMongoose.js
FN:3,(anonymous_0)
FNF:1
FNH:0
FNDA:0,(anonymous_0)
DA:1,2
DA:3,2
DA:5,0
DA:8,2
LF:4
LH:3
BRF:0
BRH:0
end_of_record
